c:\users\asus\documents\github\rhythm-game\rhythm  game\x64\debug\vc143.pdb
c:\users\asus\documents\github\rhythm-game\rhythm  game\x64\debug\vc143.idb
c:\users\asus\documents\github\rhythm-game\rhythm  game\x64\debug\song_stage.obj
c:\users\asus\documents\github\rhythm-game\rhythm  game\x64\debug\playerbutton.obj
c:\users\asus\documents\github\rhythm-game\rhythm  game\x64\debug\notespawner.obj
c:\users\asus\documents\github\rhythm-game\rhythm  game\x64\debug\menubutton.obj
c:\users\asus\documents\github\rhythm-game\rhythm  game\x64\debug\mainmenuclass.obj
c:\users\asus\documents\github\rhythm-game\rhythm  game\x64\debug\main.obj
c:\users\asus\documents\github\rhythm-game\rhythm  game\x64\debug\gui.obj
c:\users\asus\documents\github\rhythm-game\rhythm  game\x64\debug\gridsquare.obj
c:\users\asus\documents\github\rhythm-game\rhythm  game\x64\debug\grid.obj
c:\users\asus\documents\github\rhythm-game\rhythm  game\x64\debug\custom_containers.obj
c:\users\asus\documents\github\rhythm-game\rhythm  game\x64\debug\curstate_.obj
c:\users\asus\documents\github\rhythm-game\rhythm  game\x64\debug\conductor.obj
c:\users\asus\documents\github\rhythm-game\rhythm  game\x64\debug\character_song.obj
c:\users\asus\documents\github\rhythm-game\rhythm  game\x64\debug\basestates.obj
c:\users\asus\documents\github\rhythm-game\rhythm  game\x64\debug\animatedobject.obj
c:\users\asus\documents\github\rhythm-game\x64\debug\rhythm  game.exe
c:\users\asus\documents\github\rhythm-game\rhythm  game\x64\debug\rhythm  game.ilk
c:\users\asus\documents\github\rhythm-game\x64\debug\rhythm  game.pdb
c:\users\wb\documents\github\rhythm-game\x64\debug\raylib.dll
c:\users\wb\documents\github\rhythm-game\x64\debug\tinyxml2.dll
c:\users\asus\documents\github\rhythm-game\x64\debug\raylib.dll
c:\users\asus\documents\github\rhythm-game\x64\debug\tinyxml2.dll
c:\users\asus\documents\github\rhythm-game\rhythm  game\x64\debug\rhythm  game.tlog\cl.command.1.tlog
c:\users\asus\documents\github\rhythm-game\rhythm  game\x64\debug\rhythm  game.tlog\cl.items.tlog
c:\users\asus\documents\github\rhythm-game\rhythm  game\x64\debug\rhythm  game.tlog\cl.read.1.tlog
c:\users\asus\documents\github\rhythm-game\rhythm  game\x64\debug\rhythm  game.tlog\cl.write.1.tlog
c:\users\asus\documents\github\rhythm-game\rhythm  game\x64\debug\rhythm  game.tlog\link.command.1.tlog
c:\users\asus\documents\github\rhythm-game\rhythm  game\x64\debug\rhythm  game.tlog\link.read.1.tlog
c:\users\asus\documents\github\rhythm-game\rhythm  game\x64\debug\rhythm  game.tlog\link.write.1.tlog
c:\users\asus\documents\github\rhythm-game\rhythm  game\x64\debug\rhythm  game.tlog\rhythm  game.write.1u.tlog
